This file contains any messages produced by compilers while
running configure, to aid debugging if configure makes a mistake.

It was created by configure, which was
generated by GNU Autoconf 2.61.  Invocation command line was

  $ ./configure --enable-ssl

## --------- ##
## Platform. ##
## --------- ##

hostname = beshto-To-be-filled-by-O-E-M
uname -m = i686
uname -r = 3.2.0-39-generic-pae
uname -s = Linux
uname -v = #62-Ubuntu SMP Wed Feb 27 22:25:11 UTC 2013

/usr/bin/uname -p = unknown
/bin/uname -X     = unknown

/bin/arch              = unknown
/usr/bin/arch -k       = unknown
/usr/convex/getsysinfo = unknown
/usr/bin/hostinfo      = unknown
/bin/machine           = unknown
/usr/bin/oslevel       = unknown
/bin/universe          = unknown

PATH: /usr/lib/lightdm/lightdm
PATH: /usr/local/sbin
PATH: /usr/local/bin
PATH: /usr/sbin
PATH: /usr/bin
PATH: /sbin
PATH: /bin
PATH: /usr/games


## ----------- ##
## Core tests. ##
## ----------- ##

configure:2004: checking for a BSD-compatible install
configure:2060: result: /usr/bin/install -c
configure:2071: checking whether build environment is sane
configure:2114: result: yes
configure:2179: checking for gawk
configure:2209: result: no
configure:2179: checking for mawk
configure:2195: found /usr/bin/mawk
configure:2206: result: mawk
configure:2217: checking whether make sets $(MAKE)
configure:2238: result: yes
configure:2437: checking if developer mode enabled
configure:2450: result: no
configure:2502: checking for gcc
configure:2518: found /usr/bin/gcc
configure:2529: result: gcc
configure:2767: checking for C compiler version
configure:2774: gcc --version >&5
gcc (Ubuntu/Linaro 4.6.3-1ubuntu5) 4.6.3
Copyright (C) 2011 Free Software Foundation, Inc.
This is free software; see the source for copying conditions.  There is NO
warranty; not even for MERCHANTABILITY or FITNESS FOR A PARTICULAR PURPOSE.

configure:2777: $? = 0
configure:2784: gcc -v >&5
Using built-in specs.
COLLECT_GCC=gcc
COLLECT_LTO_WRAPPER=/usr/lib/gcc/i686-linux-gnu/4.6/lto-wrapper
Target: i686-linux-gnu
Configured with: ../src/configure -v --with-pkgversion='Ubuntu/Linaro 4.6.3-1ubuntu5' --with-bugurl=file:///usr/share/doc/gcc-4.6/README.Bugs --enable-languages=c,c++,fortran,objc,obj-c++ --prefix=/usr --program-suffix=-4.6 --enable-shared --enable-linker-build-id --with-system-zlib --libexecdir=/usr/lib --without-included-gettext --enable-threads=posix --with-gxx-include-dir=/usr/include/c++/4.6 --libdir=/usr/lib --enable-nls --with-sysroot=/ --enable-clocale=gnu --enable-libstdcxx-debug --enable-libstdcxx-time=yes --enable-gnu-unique-object --enable-plugin --enable-objc-gc --enable-targets=all --disable-werror --with-arch-32=i686 --with-tune=generic --enable-checking=release --build=i686-linux-gnu --host=i686-linux-gnu --target=i686-linux-gnu
Thread model: posix
gcc version 4.6.3 (Ubuntu/Linaro 4.6.3-1ubuntu5) 
configure:2787: $? = 0
configure:2794: gcc -V >&5
gcc: error: unrecognized option '-V'
gcc: fatal error: no input files
compilation terminated.
configure:2797: $? = 4
configure:2820: checking for C compiler default output file name
configure:2847: gcc    conftest.c  >&5
configure:2850: $? = 0
configure:2888: result: a.out
configure:2905: checking whether the C compiler works
configure:2915: ./a.out
configure:2918: $? = 0
configure:2935: result: yes
configure:2942: checking whether we are cross compiling
configure:2944: result: no
configure:2947: checking for suffix of executables
configure:2954: gcc -o conftest    conftest.c  >&5
configure:2957: $? = 0
configure:2981: result: 
configure:2987: checking for suffix of object files
configure:3013: gcc -c   conftest.c >&5
configure:3016: $? = 0
configure:3039: result: o
configure:3043: checking whether we are using the GNU C compiler
configure:3072: gcc -c   conftest.c >&5
configure:3078: $? = 0
configure:3095: result: yes
configure:3100: checking whether gcc accepts -g
configure:3130: gcc -c -g  conftest.c >&5
configure:3136: $? = 0
configure:3235: result: yes
configure:3252: checking for gcc option to accept ISO C89
configure:3326: gcc  -c -g -O2  conftest.c >&5
configure:3332: $? = 0
configure:3355: result: none needed
configure:3384: checking for style of include used by make
configure:3412: result: GNU
configure:3440: checking dependency style of gcc
configure:3530: result: gcc3
configure:3560: checking for a BSD-compatible install
configure:3616: result: /usr/bin/install -c
configure:3627: checking whether make sets $(MAKE)
configure:3648: result: yes
configure:3679: checking build system type
configure:3697: result: i686-pc-linux-gnu
configure:3719: checking host system type
configure:3734: result: i686-pc-linux-gnu
configure:3780: checking for ld used by GCC
configure:3844: result: /usr/bin/ld
configure:3853: checking if the linker (/usr/bin/ld) is GNU ld
configure:3866: result: yes
configure:3873: checking for shared library run path origin
configure:3886: result: done
configure:4378: checking for g++
configure:4408: result: no
configure:4378: checking for c++
configure:4408: result: no
configure:4378: checking for gpp
configure:4408: result: no
configure:4378: checking for aCC
configure:4408: result: no
configure:4378: checking for CC
configure:4408: result: no
configure:4378: checking for cxx
configure:4408: result: no
configure:4378: checking for cc++
configure:4408: result: no
configure:4378: checking for cl.exe
configure:4408: result: no
configure:4378: checking for FCC
configure:4408: result: no
configure:4378: checking for KCC
configure:4408: result: no
configure:4378: checking for RCC
configure:4408: result: no
configure:4378: checking for xlC_r
configure:4408: result: no
configure:4378: checking for xlC
configure:4408: result: no
configure:4436: checking for C++ compiler version
configure:4443: g++ --version >&5
./configure: line 4444: g++: command not found
configure:4446: $? = 127
configure:4453: g++ -v >&5
./configure: line 4454: g++: command not found
configure:4456: $? = 127
configure:4463: g++ -V >&5
./configure: line 4464: g++: command not found
configure:4466: $? = 127
configure:4469: checking whether we are using the GNU C++ compiler
configure:4498: g++ -c   conftest.cpp >&5
./configure: line 4499: g++: command not found
configure:4504: $? = 127
configure: failed program was:
| /* confdefs.h.  */
| #define PACKAGE_NAME ""
| #define PACKAGE_TARNAME ""
| #define PACKAGE_VERSION ""
| #define PACKAGE_STRING ""
| #define PACKAGE_BUGREPORT ""
| #define PACKAGE "jabberd14"
| #define VERSION "1.6.1.1"
| /* end confdefs.h.  */
| 
| int
| main ()
| {
| #ifndef __GNUC__
|        choke me
| #endif
| 
|   ;
|   return 0;
| }
configure:4521: result: no
configure:4526: checking whether g++ accepts -g
configure:4556: g++ -c -g  conftest.cpp >&5
./configure: line 4557: g++: command not found
configure:4562: $? = 127
configure: failed program was:
| /* confdefs.h.  */
| #define PACKAGE_NAME ""
| #define PACKAGE_TARNAME ""
| #define PACKAGE_VERSION ""
| #define PACKAGE_STRING ""
| #define PACKAGE_BUGREPORT ""
| #define PACKAGE "jabberd14"
| #define VERSION "1.6.1.1"
| /* end confdefs.h.  */
| 
| int
| main ()
| {
| 
|   ;
|   return 0;
| }
configure:4594: g++ -c   conftest.cpp >&5
./configure: line 4595: g++: command not found
configure:4600: $? = 127
configure: failed program was:
| /* confdefs.h.  */
| #define PACKAGE_NAME ""
| #define PACKAGE_TARNAME ""
| #define PACKAGE_VERSION ""
| #define PACKAGE_STRING ""
| #define PACKAGE_BUGREPORT ""
| #define PACKAGE "jabberd14"
| #define VERSION "1.6.1.1"
| /* end confdefs.h.  */
| 
| int
| main ()
| {
| 
|   ;
|   return 0;
| }
configure:4633: g++ -c -g  conftest.cpp >&5
./configure: line 4634: g++: command not found
configure:4639: $? = 127
configure: failed program was:
| /* confdefs.h.  */
| #define PACKAGE_NAME ""
| #define PACKAGE_TARNAME ""
| #define PACKAGE_VERSION ""
| #define PACKAGE_STRING ""
| #define PACKAGE_BUGREPORT ""
| #define PACKAGE "jabberd14"
| #define VERSION "1.6.1.1"
| /* end confdefs.h.  */
| 
| int
| main ()
| {
| 
|   ;
|   return 0;
| }
configure:4661: result: no
configure:4686: checking dependency style of g++
configure:4776: result: none
configure:4824: checking for iconv
configure:4856: g++ -o conftest    conftest.cpp  >&5
./configure: line 4857: g++: command not found
configure:4862: $? = 127
configure: failed program was:
| /* confdefs.h.  */
| #define PACKAGE_NAME ""
| #define PACKAGE_TARNAME ""
| #define PACKAGE_VERSION ""
| #define PACKAGE_STRING ""
| #define PACKAGE_BUGREPORT ""
| #define PACKAGE "jabberd14"
| #define VERSION "1.6.1.1"
| /* end confdefs.h.  */
| #include <stdlib.h>
| #include <iconv.h>
| int
| main ()
| {
| iconv_t cd = iconv_open("","");
|        iconv(cd,NULL,NULL,NULL,NULL);
|        iconv_close(cd);
|   ;
|   return 0;
| }
configure:4905: g++ -o conftest    conftest.cpp  -liconv >&5
./configure: line 4906: g++: command not found
configure:4911: $? = 127
configure: failed program was:
| /* confdefs.h.  */
| #define PACKAGE_NAME ""
| #define PACKAGE_TARNAME ""
| #define PACKAGE_VERSION ""
| #define PACKAGE_STRING ""
| #define PACKAGE_BUGREPORT ""
| #define PACKAGE "jabberd14"
| #define VERSION "1.6.1.1"
| /* end confdefs.h.  */
| #include <stdlib.h>
| #include <iconv.h>
| int
| main ()
| {
| iconv_t cd = iconv_open("","");
|          iconv(cd,NULL,NULL,NULL,NULL);
|          iconv_close(cd);
|   ;
|   return 0;
| }
configure:4932: result: no, consider installing GNU libiconv
configure:5105: checking for a sed that does not truncate output
configure:5159: result: /bin/sed
configure:5162: checking for grep that handles long lines and -e
configure:5236: result: /bin/grep
configure:5241: checking for egrep
configure:5319: result: /bin/grep -E
configure:5335: checking for ld used by gcc
configure:5402: result: /usr/bin/ld
configure:5411: checking if the linker (/usr/bin/ld) is GNU ld
configure:5426: result: yes
configure:5431: checking for /usr/bin/ld option to reload object files
configure:5438: result: -r
configure:5456: checking for BSD-compatible nm
configure:5505: result: /usr/bin/nm -B
configure:5509: checking whether ln -s works
configure:5513: result: yes
configure:5520: checking how to recognise dependent libraries
configure:5696: result: pass_all
configure:5930: checking how to run the C preprocessor
configure:5970: gcc -E  conftest.c
configure:5976: $? = 0
configure:6007: gcc -E  conftest.c
conftest.c:10:28: fatal error: ac_nonexistent.h: No such file or directory
compilation terminated.
configure:6013: $? = 1
configure: failed program was:
| /* confdefs.h.  */
| #define PACKAGE_NAME ""
| #define PACKAGE_TARNAME ""
| #define PACKAGE_VERSION ""
| #define PACKAGE_STRING ""
| #define PACKAGE_BUGREPORT ""
| #define PACKAGE "jabberd14"
| #define VERSION "1.6.1.1"
| /* end confdefs.h.  */
| #include <ac_nonexistent.h>
configure:6046: result: gcc -E
configure:6075: gcc -E  conftest.c
configure:6081: $? = 0
configure:6112: gcc -E  conftest.c
conftest.c:10:28: fatal error: ac_nonexistent.h: No such file or directory
compilation terminated.
configure:6118: $? = 1
configure: failed program was:
| /* confdefs.h.  */
| #define PACKAGE_NAME ""
| #define PACKAGE_TARNAME ""
| #define PACKAGE_VERSION ""
| #define PACKAGE_STRING ""
| #define PACKAGE_BUGREPORT ""
| #define PACKAGE "jabberd14"
| #define VERSION "1.6.1.1"
| /* end confdefs.h.  */
| #include <ac_nonexistent.h>
configure:6156: checking for ANSI C header files
configure:6186: gcc -c -g -O2  conftest.c >&5
configure:6192: $? = 0
configure:6291: gcc -o conftest -g -O2   conftest.c  >&5
configure:6294: $? = 0
configure:6300: ./conftest
configure:6303: $? = 0
configure:6320: result: yes
configure:6344: checking for sys/types.h
configure:6365: gcc -c -g -O2  conftest.c >&5
configure:6371: $? = 0
configure:6387: result: yes
configure:6344: checking for sys/stat.h
configure:6365: gcc -c -g -O2  conftest.c >&5
configure:6371: $? = 0
configure:6387: result: yes
configure:6344: checking for stdlib.h
configure:6365: gcc -c -g -O2  conftest.c >&5
configure:6371: $? = 0
configure:6387: result: yes
configure:6344: checking for string.h
configure:6365: gcc -c -g -O2  conftest.c >&5
configure:6371: $? = 0
configure:6387: result: yes
configure:6344: checking for memory.h
configure:6365: gcc -c -g -O2  conftest.c >&5
configure:6371: $? = 0
configure:6387: result: yes
configure:6344: checking for strings.h
configure:6365: gcc -c -g -O2  conftest.c >&5
configure:6371: $? = 0
configure:6387: result: yes
configure:6344: checking for inttypes.h
configure:6365: gcc -c -g -O2  conftest.c >&5
configure:6371: $? = 0
configure:6387: result: yes
configure:6344: checking for stdint.h
configure:6365: gcc -c -g -O2  conftest.c >&5
configure:6371: $? = 0
configure:6387: result: yes
configure:6344: checking for unistd.h
configure:6365: gcc -c -g -O2  conftest.c >&5
configure:6371: $? = 0
configure:6387: result: yes
configure:6414: checking dlfcn.h usability
configure:6431: gcc -c -g -O2  conftest.c >&5
configure:6437: $? = 0
configure:6451: result: yes
configure:6455: checking dlfcn.h presence
configure:6470: gcc -E  conftest.c
configure:6476: $? = 0
configure:6490: result: yes
configure:6518: checking for dlfcn.h
configure:6526: result: yes
configure:6825: checking for g77
configure:6855: result: no
configure:6825: checking for xlf
configure:6855: result: no
configure:6825: checking for f77
configure:6855: result: no
configure:6825: checking for frt
configure:6855: result: no
configure:6825: checking for pgf77
configure:6855: result: no
configure:6825: checking for cf77
configure:6855: result: no
configure:6825: checking for fort77
configure:6855: result: no
configure:6825: checking for fl32
configure:6855: result: no
configure:6825: checking for af77
configure:6855: result: no
configure:6825: checking for xlf90
configure:6855: result: no
configure:6825: checking for f90
configure:6855: result: no
configure:6825: checking for pgf90
configure:6855: result: no
configure:6825: checking for pghpf
configure:6855: result: no
configure:6825: checking for epcf90
configure:6855: result: no
configure:6825: checking for gfortran
configure:6855: result: no
configure:6825: checking for g95
configure:6855: result: no
configure:6825: checking for xlf95
configure:6855: result: no
configure:6825: checking for f95
configure:6855: result: no
configure:6825: checking for fort
configure:6855: result: no
configure:6825: checking for ifort
configure:6855: result: no
configure:6825: checking for ifc
configure:6855: result: no
configure:6825: checking for efc
configure:6855: result: no
configure:6825: checking for pgf95
configure:6855: result: no
configure:6825: checking for lf95
configure:6855: result: no
configure:6825: checking for ftn
configure:6855: result: no
configure:6882: checking for Fortran 77 compiler version
configure:6889:  --version >&5
./configure: line 6890: --version: command not found
configure:6892: $? = 127
configure:6899:  -v >&5
./configure: line 6900: -v: command not found
configure:6902: $? = 127
configure:6909:  -V >&5
./configure: line 6910: -V: command not found
configure:6912: $? = 127
configure:6920: checking whether we are using the GNU Fortran 77 compiler
configure:6939:  -c  conftest.F >&5
./configure: line 6940: -c: command not found
configure:6945: $? = 127
configure: failed program was:
|       program main
| #ifndef __GNUC__
|        choke me
| #endif
| 
|       end
configure:6962: result: no
configure:6968: checking whether  accepts -g
configure:6985:  -c -g conftest.f >&5
./configure: line 6986: -c: command not found
configure:6991: $? = 127
configure: failed program was:
|       program main
| 
|       end
configure:7007: result: no
configure:7037: checking the maximum length of command line arguments
configure:7146: result: 32768
configure:7157: checking command to parse /usr/bin/nm -B output from gcc object
configure:7262: g++ -c   conftest.cpp >&5
./configure: line 7263: g++: command not found
configure:7265: $? = 127
: failed program was:
#ifdef __cplusplus
extern "C" {
#endif
char nm_test_var;
void nm_test_func(){}
#ifdef __cplusplus
}
#endif
int main(){nm_test_var='a';nm_test_func();return(0);}
configure:7262: g++ -c   conftest.cpp >&5
./configure: line 7263: g++: command not found
configure:7265: $? = 127
: failed program was:
#ifdef __cplusplus
extern "C" {
#endif
char nm_test_var;
void nm_test_func(){}
#ifdef __cplusplus
}
#endif
int main(){nm_test_var='a';nm_test_func();return(0);}
configure:7362: result: failed
configure:7369: checking for objdir
configure:7384: result: .libs
configure:7476: checking for ar
configure:7492: found /usr/bin/ar
configure:7503: result: ar
configure:7572: checking for ranlib
configure:7588: found /usr/bin/ranlib
configure:7599: result: ranlib
configure:7668: checking for strip
configure:7684: found /usr/bin/strip
configure:7695: result: strip
configure:7981: checking if gcc supports -fno-rtti -fno-exceptions
configure:7999: gcc -c -g -O2  -fno-rtti -fno-exceptions conftest.c >&5
cc1: warning: command line option '-fno-rtti' is valid for C++/ObjC++ but not for C [enabled by default]
configure:8003: $? = 0
configure:8016: result: no
configure:8031: checking for gcc option to produce PIC
configure:8241: result: -fPIC
configure:8249: checking if gcc PIC flag -fPIC works
configure:8267: gcc -c -g -O2  -fPIC -DPIC conftest.c >&5
configure:8271: $? = 0
configure:8284: result: yes
configure:8312: checking if gcc static flag -static works
configure:8340: result: yes
configure:8350: checking if gcc supports -c -o file.o
configure:8371: gcc -c -g -O2  -o out/conftest2.o conftest.c >&5
configure:8375: $? = 0
configure:8397: result: yes
configure:8423: checking whether the gcc linker (/usr/bin/ld) supports shared libraries
configure:9378: result: yes
configure:9399: checking whether -lc should be explicitly linked in
configure:9404: gcc -c -g -O2  conftest.c >&5
configure:9407: $? = 0
configure:9422: gcc -shared conftest.o  -v -Wl,-soname -Wl,conftest -o conftest 2\>\&1 \| grep  -lc  \>/dev/null 2\>\&1
configure:9425: $? = 0
configure:9437: result: no
configure:9445: checking dynamic linker characteristics
configure:10021: result: GNU/Linux ld.so
configure:10030: checking how to hardcode library paths into programs
configure:10055: result: immediate
configure:10069: checking whether stripping libraries is possible
configure:10074: result: yes
configure:10197: checking for shl_load
configure:10253: gcc -o conftest -g -O2   conftest.c  >&5
/tmp/ccehQZYd.o: In function `main':
/home/beshto/workspace/jaber/jabberd14-1.6.1.1/conftest.c:55: undefined reference to `shl_load'
collect2: ld returned 1 exit status
configure:10259: $? = 1
configure: failed program was:
| /* confdefs.h.  */
| #define PACKAGE_NAME ""
| #define PACKAGE_TARNAME ""
| #define PACKAGE_VERSION ""
| #define PACKAGE_STRING ""
| #define PACKAGE_BUGREPORT ""
| #define PACKAGE "jabberd14"
| #define VERSION "1.6.1.1"
| #define STDC_HEADERS 1
| #define HAVE_SYS_TYPES_H 1
| #define HAVE_SYS_STAT_H 1
| #define HAVE_STDLIB_H 1
| #define HAVE_STRING_H 1
| #define HAVE_MEMORY_H 1
| #define HAVE_STRINGS_H 1
| #define HAVE_INTTYPES_H 1
| #define HAVE_STDINT_H 1
| #define HAVE_UNISTD_H 1
| #define HAVE_DLFCN_H 1
| /* end confdefs.h.  */
| /* Define shl_load to an innocuous variant, in case <limits.h> declares shl_load.
|    For example, HP-UX 11i <limits.h> declares gettimeofday.  */
| #define shl_load innocuous_shl_load
| 
| /* System header to define __stub macros and hopefully few prototypes,
|     which can conflict with char shl_load (); below.
|     Prefer <limits.h> to <assert.h> if __STDC__ is defined, since
|     <limits.h> exists even on freestanding compilers.  */
| 
| #ifdef __STDC__
| # include <limits.h>
| #else
| # include <assert.h>
| #endif
| 
| #undef shl_load
| 
| /* Override any GCC internal prototype to avoid an error.
|    Use char because int might match the return type of a GCC
|    builtin and then its argument prototype would still apply.  */
| #ifdef __cplusplus
| extern "C"
| #endif
| char shl_load ();
| /* The GNU C library defines this for functions which it implements
|     to always fail with ENOSYS.  Some functions are actually named
|     something starting with __ and the normal name is an alias.  */
| #if defined __stub_shl_load || defined __stub___shl_load
| choke me
| #endif
| 
| int
| main ()
| {
| return shl_load ();
|   ;
|   return 0;
| }
configure:10276: result: no
configure:10281: checking for shl_load in -ldld
configure:10316: gcc -o conftest -g -O2   conftest.c -ldld   >&5
/usr/bin/ld: cannot find -ldld
collect2: ld returned 1 exit status
configure:10322: $? = 1
configure: failed program was:
| /* confdefs.h.  */
| #define PACKAGE_NAME ""
| #define PACKAGE_TARNAME ""
| #define PACKAGE_VERSION ""
| #define PACKAGE_STRING ""
| #define PACKAGE_BUGREPORT ""
| #define PACKAGE "jabberd14"
| #define VERSION "1.6.1.1"
| #define STDC_HEADERS 1
| #define HAVE_SYS_TYPES_H 1
| #define HAVE_SYS_STAT_H 1
| #define HAVE_STDLIB_H 1
| #define HAVE_STRING_H 1
| #define HAVE_MEMORY_H 1
| #define HAVE_STRINGS_H 1
| #define HAVE_INTTYPES_H 1
| #define HAVE_STDINT_H 1
| #define HAVE_UNISTD_H 1
| #define HAVE_DLFCN_H 1
| /* end confdefs.h.  */
| 
| /* Override any GCC internal prototype to avoid an error.
|    Use char because int might match the return type of a GCC
|    builtin and then its argument prototype would still apply.  */
| #ifdef __cplusplus
| extern "C"
| #endif
| char shl_load ();
| int
| main ()
| {
| return shl_load ();
|   ;
|   return 0;
| }
configure:10340: result: no
configure:10345: checking for dlopen
configure:10401: gcc -o conftest -g -O2   conftest.c  >&5
/tmp/cc1q39Mk.o: In function `main':
/home/beshto/workspace/jaber/jabberd14-1.6.1.1/conftest.c:55: undefined reference to `dlopen'
collect2: ld returned 1 exit status
configure:10407: $? = 1
configure: failed program was:
| /* confdefs.h.  */
| #define PACKAGE_NAME ""
| #define PACKAGE_TARNAME ""
| #define PACKAGE_VERSION ""
| #define PACKAGE_STRING ""
| #define PACKAGE_BUGREPORT ""
| #define PACKAGE "jabberd14"
| #define VERSION "1.6.1.1"
| #define STDC_HEADERS 1
| #define HAVE_SYS_TYPES_H 1
| #define HAVE_SYS_STAT_H 1
| #define HAVE_STDLIB_H 1
| #define HAVE_STRING_H 1
| #define HAVE_MEMORY_H 1
| #define HAVE_STRINGS_H 1
| #define HAVE_INTTYPES_H 1
| #define HAVE_STDINT_H 1
| #define HAVE_UNISTD_H 1
| #define HAVE_DLFCN_H 1
| /* end confdefs.h.  */
| /* Define dlopen to an innocuous variant, in case <limits.h> declares dlopen.
|    For example, HP-UX 11i <limits.h> declares gettimeofday.  */
| #define dlopen innocuous_dlopen
| 
| /* System header to define __stub macros and hopefully few prototypes,
|     which can conflict with char dlopen (); below.
|     Prefer <limits.h> to <assert.h> if __STDC__ is defined, since
|     <limits.h> exists even on freestanding compilers.  */
| 
| #ifdef __STDC__
| # include <limits.h>
| #else
| # include <assert.h>
| #endif
| 
| #undef dlopen
| 
| /* Override any GCC internal prototype to avoid an error.
|    Use char because int might match the return type of a GCC
|    builtin and then its argument prototype would still apply.  */
| #ifdef __cplusplus
| extern "C"
| #endif
| char dlopen ();
| /* The GNU C library defines this for functions which it implements
|     to always fail with ENOSYS.  Some functions are actually named
|     something starting with __ and the normal name is an alias.  */
| #if defined __stub_dlopen || defined __stub___dlopen
| choke me
| #endif
| 
| int
| main ()
| {
| return dlopen ();
|   ;
|   return 0;
| }
configure:10424: result: no
configure:10429: checking for dlopen in -ldl
configure:10464: gcc -o conftest -g -O2   conftest.c -ldl   >&5
configure:10470: $? = 0
configure:10488: result: yes
configure:10657: checking whether a program can dlopen itself
configure:10731: gcc -o conftest -g -O2  -DHAVE_DLFCN_H  -Wl,--export-dynamic conftest.c -ldl  >&5
configure: In function 'main':
configure:10727:5: warning: incompatible implicit declaration of built-in function 'exit' [enabled by default]
configure:10734: $? = 0
configure:10752: result: yes
configure:10757: checking whether a statically linked program can dlopen itself
configure:10831: gcc -o conftest -g -O2  -DHAVE_DLFCN_H  -Wl,--export-dynamic -static conftest.c -ldl  >&5
configure: In function 'main':
configure:10827:5: warning: incompatible implicit declaration of built-in function 'exit' [enabled by default]
/tmp/ccwKMfKy.o: In function `main':
/home/beshto/workspace/jaber/jabberd14-1.6.1.1/configure:10815: warning: Using 'dlopen' in statically linked applications requires at runtime the shared libraries from the glibc version used for linking
/usr/bin/ld: dynamic STT_GNU_IFUNC symbol `strcmp' with pointer equality in `/usr/lib/gcc/i686-linux-gnu/4.6/../../../i386-linux-gnu/libc.a(strcmp.o)' can not be used when making an executable; recompile with -fPIE and relink with -pie
collect2: ld returned 1 exit status
configure:10834: $? = 1
configure:10852: result: no
configure:10875: checking if libtool supports shared libraries
configure:10877: result: yes
configure:10880: checking whether to build shared libraries
configure:10901: result: yes
configure:10904: checking whether to build static libraries
configure:10908: result: no
configure:11000: creating libtool
configure:20091: checking for ANSI C header files
configure:20255: result: yes
configure:20266: checking if static builds enabled
configure:20278: result: no
configure:20281: checking if partial static builds enabled
configure:20293: result: no
configure:20296: checking for socket
configure:20352: /bin/bash ./libtool --mode=link g++ -o conftest    conftest.cpp  >&5
mkdir .libs
g++ -o conftest conftest.cpp 
./libtool: line 5090: g++: command not found
configure:20358: $? = 127
configure: failed program was:
| /* confdefs.h.  */
| #define PACKAGE_NAME ""
| #define PACKAGE_TARNAME ""
| #define PACKAGE_VERSION ""
| #define PACKAGE_STRING ""
| #define PACKAGE_BUGREPORT ""
| #define PACKAGE "jabberd14"
| #define VERSION "1.6.1.1"
| #define STDC_HEADERS 1
| #define HAVE_SYS_TYPES_H 1
| #define HAVE_SYS_STAT_H 1
| #define HAVE_STDLIB_H 1
| #define HAVE_STRING_H 1
| #define HAVE_MEMORY_H 1
| #define HAVE_STRINGS_H 1
| #define HAVE_INTTYPES_H 1
| #define HAVE_STDINT_H 1
| #define HAVE_UNISTD_H 1
| #define HAVE_DLFCN_H 1
| #define STDC_HEADERS 1
| /* end confdefs.h.  */
| /* Define socket to an innocuous variant, in case <limits.h> declares socket.
|    For example, HP-UX 11i <limits.h> declares gettimeofday.  */
| #define socket innocuous_socket
| 
| /* System header to define __stub macros and hopefully few prototypes,
|     which can conflict with char socket (); below.
|     Prefer <limits.h> to <assert.h> if __STDC__ is defined, since
|     <limits.h> exists even on freestanding compilers.  */
| 
| #ifdef __STDC__
| # include <limits.h>
| #else
| # include <assert.h>
| #endif
| 
| #undef socket
| 
| /* Override any GCC internal prototype to avoid an error.
|    Use char because int might match the return type of a GCC
|    builtin and then its argument prototype would still apply.  */
| #ifdef __cplusplus
| extern "C"
| #endif
| char socket ();
| /* The GNU C library defines this for functions which it implements
|     to always fail with ENOSYS.  Some functions are actually named
|     something starting with __ and the normal name is an alias.  */
| #if defined __stub_socket || defined __stub___socket
| choke me
| #endif
| 
| int
| main ()
| {
| return socket ();
|   ;
|   return 0;
| }
configure:20375: result: no
configure:20390: checking for socket in -lsocket
configure:20425: /bin/bash ./libtool --mode=link g++ -o conftest    conftest.cpp -lsocket   >&5
g++ -o conftest conftest.cpp  -lsocket
./libtool: line 5090: g++: command not found
configure:20431: $? = 127
configure: failed program was:
| /* confdefs.h.  */
| #define PACKAGE_NAME ""
| #define PACKAGE_TARNAME ""
| #define PACKAGE_VERSION ""
| #define PACKAGE_STRING ""
| #define PACKAGE_BUGREPORT ""
| #define PACKAGE "jabberd14"
| #define VERSION "1.6.1.1"
| #define STDC_HEADERS 1
| #define HAVE_SYS_TYPES_H 1
| #define HAVE_SYS_STAT_H 1
| #define HAVE_STDLIB_H 1
| #define HAVE_STRING_H 1
| #define HAVE_MEMORY_H 1
| #define HAVE_STRINGS_H 1
| #define HAVE_INTTYPES_H 1
| #define HAVE_STDINT_H 1
| #define HAVE_UNISTD_H 1
| #define HAVE_DLFCN_H 1
| #define STDC_HEADERS 1
| /* end confdefs.h.  */
| 
| /* Override any GCC internal prototype to avoid an error.
|    Use char because int might match the return type of a GCC
|    builtin and then its argument prototype would still apply.  */
| #ifdef __cplusplus
| extern "C"
| #endif
| char socket ();
| int
| main ()
| {
| return socket ();
|   ;
|   return 0;
| }
configure:20449: result: no
configure:20467: error: Couldn't find required function socket

## ---------------- ##
## Cache variables. ##
## ---------------- ##

ac_cv_build=i686-pc-linux-gnu
ac_cv_c_compiler_gnu=yes
ac_cv_cxx_compiler_gnu=no
ac_cv_env_CCC_set=
ac_cv_env_CCC_value=
ac_cv_env_CC_set=
ac_cv_env_CC_value=
ac_cv_env_CFLAGS_set=
ac_cv_env_CFLAGS_value=
ac_cv_env_CPPFLAGS_set=
ac_cv_env_CPPFLAGS_value=
ac_cv_env_CPP_set=
ac_cv_env_CPP_value=
ac_cv_env_CXXCPP_set=
ac_cv_env_CXXCPP_value=
ac_cv_env_CXXFLAGS_set=
ac_cv_env_CXXFLAGS_value=
ac_cv_env_CXX_set=
ac_cv_env_CXX_value=
ac_cv_env_F77_set=
ac_cv_env_F77_value=
ac_cv_env_FFLAGS_set=
ac_cv_env_FFLAGS_value=
ac_cv_env_GNUTLSEXTRA_CFLAGS_set=
ac_cv_env_GNUTLSEXTRA_CFLAGS_value=
ac_cv_env_GNUTLSEXTRA_LIBS_set=
ac_cv_env_GNUTLSEXTRA_LIBS_value=
ac_cv_env_GNUTLS_CFLAGS_set=
ac_cv_env_GNUTLS_CFLAGS_value=
ac_cv_env_GNUTLS_LIBS_set=
ac_cv_env_GNUTLS_LIBS_value=
ac_cv_env_LDFLAGS_set=
ac_cv_env_LDFLAGS_value=
ac_cv_env_LIBS_set=
ac_cv_env_LIBS_value=
ac_cv_env_PKG_CONFIG_set=
ac_cv_env_PKG_CONFIG_value=
ac_cv_env_build_alias_set=
ac_cv_env_build_alias_value=
ac_cv_env_host_alias_set=
ac_cv_env_host_alias_value=
ac_cv_env_target_alias_set=
ac_cv_env_target_alias_value=
ac_cv_f77_compiler_gnu=no
ac_cv_func_dlopen=no
ac_cv_func_shl_load=no
ac_cv_func_socket=no
ac_cv_header_dlfcn_h=yes
ac_cv_header_inttypes_h=yes
ac_cv_header_memory_h=yes
ac_cv_header_stdc=yes
ac_cv_header_stdint_h=yes
ac_cv_header_stdlib_h=yes
ac_cv_header_string_h=yes
ac_cv_header_strings_h=yes
ac_cv_header_sys_stat_h=yes
ac_cv_header_sys_types_h=yes
ac_cv_header_unistd_h=yes
ac_cv_host=i686-pc-linux-gnu
ac_cv_lib_dl_dlopen=yes
ac_cv_lib_dld_shl_load=no
ac_cv_lib_socket_socket=no
ac_cv_objext=o
ac_cv_path_EGREP='/bin/grep -E'
ac_cv_path_GREP=/bin/grep
ac_cv_path_install='/usr/bin/install -c'
ac_cv_prog_AWK=mawk
ac_cv_prog_CPP='gcc -E'
ac_cv_prog_ac_ct_AR=ar
ac_cv_prog_ac_ct_CC=gcc
ac_cv_prog_ac_ct_RANLIB=ranlib
ac_cv_prog_ac_ct_STRIP=strip
ac_cv_prog_cc_c89=
ac_cv_prog_cc_g=yes
ac_cv_prog_cxx_g=no
ac_cv_prog_f77_g=no
ac_cv_prog_make_make_set=yes
acl_cv_hardcode_direct=no
acl_cv_hardcode_libdir_flag_spec='${wl}-rpath ${wl}$libdir'
acl_cv_hardcode_libdir_separator=
acl_cv_hardcode_minus_L=no
acl_cv_libext=a
acl_cv_path_LD=/usr/bin/ld
acl_cv_prog_gnu_ld=yes
acl_cv_rpath=done
acl_cv_shlibext=so
acl_cv_sys_lib_dlsearch_path_spec='/lib /usr/lib'
acl_cv_sys_lib_search_path_spec='/lib /usr/lib /usr/local/lib'
acl_cv_wl=-Wl,
am_cv_CC_dependencies_compiler_type=gcc3
am_cv_CXX_dependencies_compiler_type=none
am_cv_func_iconv='no, consider installing GNU libiconv'
am_cv_lib_iconv=no
lt_cv_deplibs_check_method=pass_all
lt_cv_dlopen=dlopen
lt_cv_dlopen_libs=-ldl
lt_cv_dlopen_self=yes
lt_cv_dlopen_self_static=no
lt_cv_file_magic_cmd='$MAGIC_CMD'
lt_cv_file_magic_test_file=
lt_cv_ld_reload_flag=-r
lt_cv_objdir=.libs
lt_cv_path_LD=/usr/bin/ld
lt_cv_path_NM='/usr/bin/nm -B'
lt_cv_path_SED=/bin/sed
lt_cv_prog_compiler_c_o=yes
lt_cv_prog_compiler_rtti_exceptions=no
lt_cv_prog_gnu_ld=yes
lt_cv_sys_global_symbol_pipe=
lt_cv_sys_global_symbol_to_c_name_address='sed -n -e '\''s/^: \([^ ]*\) $/  {\"\1\", (lt_ptr) 0},/p'\'' -e '\''s/^[BCDEGRST] \([^ ]*\) \([^ ]*\)$/  {"\2", (lt_ptr) \&\2},/p'\'''
lt_cv_sys_global_symbol_to_cdecl=
lt_cv_sys_max_cmd_len=32768
lt_lt_cv_prog_compiler_c_o='"yes"'
lt_lt_cv_sys_global_symbol_pipe='""'
lt_lt_cv_sys_global_symbol_to_c_name_address='"sed -n -e '\''s/^: \\([^ ]*\\) \$/  {\\\"\\1\\\", (lt_ptr) 0},/p'\'' -e '\''s/^[BCDEGRST] \\([^ ]*\\) \\([^ ]*\\)\$/  {\"\\2\", (lt_ptr) \\&\\2},/p'\''"'
lt_lt_cv_sys_global_symbol_to_cdecl='""'

## ----------------- ##
## Output variables. ##
## ----------------- ##

ACLOCAL='${SHELL} /home/beshto/workspace/jaber/jabberd14-1.6.1.1/missing --run aclocal-1.9'
AMDEPBACKSLASH='\'
AMDEP_FALSE='#'
AMDEP_TRUE=''
AMTAR='${SHELL} /home/beshto/workspace/jaber/jabberd14-1.6.1.1/missing --run tar'
AR='ar'
AUTOCONF='${SHELL} /home/beshto/workspace/jaber/jabberd14-1.6.1.1/missing --run autoconf'
AUTOHEADER='${SHELL} /home/beshto/workspace/jaber/jabberd14-1.6.1.1/missing --run autoheader'
AUTOMAKE='${SHELL} /home/beshto/workspace/jaber/jabberd14-1.6.1.1/missing --run automake-1.9'
AWK='mawk'
CC='gcc'
CCDEPMODE='depmode=gcc3'
CFLAGS='-g -O2'
CONFIG_DIR=''
CPP='gcc -E'
CPPFLAGS=''
CXX='g++'
CXXCPP=''
CXXDEPMODE='depmode=none'
CXXFLAGS=''
CYGPATH_W='echo'
DEBUG=''
DEFS=''
DEPDIR='.deps'
ECHO='echo'
ECHO_C=''
ECHO_N='-n'
ECHO_T=''
EGREP='/bin/grep -E'
EXEEXT=''
F77=''
FFLAGS=''
GNUTLSEXTRA_CFLAGS=''
GNUTLSEXTRA_LIBS=''
GNUTLS_CFLAGS=''
GNUTLS_LIBS=''
GREP='/bin/grep'
INSTALL_DATA='${INSTALL} -m 644'
INSTALL_PROGRAM='${INSTALL}'
INSTALL_SCRIPT='${INSTALL}'
INSTALL_STRIP_PROGRAM='${SHELL} $(install_sh) -c -s'
LDFLAGS=''
LIBICONV=''
LIBOBJS=''
LIBS=''
LIBTOOL='$(SHELL) $(top_builddir)/libtool'
LIBTOOL_DEPS='./ltmain.sh'
LN_S='ln -s'
LTLIBICONV=''
LTLIBOBJS=''
MAKEINFO='${SHELL} /home/beshto/workspace/jaber/jabberd14-1.6.1.1/missing --run makeinfo'
OBJEXT='o'
PACKAGE='jabberd14'
PACKAGE_BUGREPORT=''
PACKAGE_NAME=''
PACKAGE_STRING=''
PACKAGE_TARNAME=''
PACKAGE_VERSION=''
PATH_SEPARATOR=':'
PKG_CONFIG=''
POOL_DEBUG=''
RANLIB='ranlib'
SET_MAKE=''
SHELL='/bin/bash'
STRIP='strip'
VERSION='1.6.1.1'
VERSION_INFO='-version-info 2:0:0'
WITH_IPV6=''
ac_ct_CC='gcc'
ac_ct_CXX=''
ac_ct_F77=''
am__fastdepCC_FALSE='#'
am__fastdepCC_TRUE=''
am__fastdepCXX_FALSE=''
am__fastdepCXX_TRUE='#'
am__include='include'
am__leading_dot='.'
am__quote=''
am__tar='${AMTAR} chof - "$$tardir"'
am__untar='${AMTAR} xf -'
bindir='${exec_prefix}/bin'
build='i686-pc-linux-gnu'
build_alias=''
build_cpu='i686'
build_os='linux-gnu'
build_vendor='pc'
datadir='${datarootdir}'
datarootdir='${prefix}/share'
docdir='${datarootdir}/doc/${PACKAGE}'
dvidir='${docdir}'
exec_prefix='NONE'
host='i686-pc-linux-gnu'
host_alias=''
host_cpu='i686'
host_os='linux-gnu'
host_vendor='pc'
htmldir='${docdir}'
includedir='${prefix}/include'
infodir='${datarootdir}/info'
install_sh='/home/beshto/workspace/jaber/jabberd14-1.6.1.1/install-sh'
libdir='${exec_prefix}/lib'
libexecdir='${exec_prefix}/libexec'
localedir='${datadir}/locale'
localstatedir='${prefix}/var'
mandir='${datarootdir}/man'
mkdir_p='mkdir -p --'
oldincludedir='/usr/include'
pdfdir='${docdir}'
prefix='NONE'
program_transform_name='s,x,x,'
psdir='${docdir}'
sbindir='${exec_prefix}/sbin'
sharedstatedir='${prefix}/com'
sysconfdir='${prefix}/etc'
target_alias=''

## ----------- ##
## confdefs.h. ##
## ----------- ##

#define PACKAGE_NAME ""
#define PACKAGE_TARNAME ""
#define PACKAGE_VERSION ""
#define PACKAGE_STRING ""
#define PACKAGE_BUGREPORT ""
#define PACKAGE "jabberd14"
#define VERSION "1.6.1.1"
#define STDC_HEADERS 1
#define HAVE_SYS_TYPES_H 1
#define HAVE_SYS_STAT_H 1
#define HAVE_STDLIB_H 1
#define HAVE_STRING_H 1
#define HAVE_MEMORY_H 1
#define HAVE_STRINGS_H 1
#define HAVE_INTTYPES_H 1
#define HAVE_STDINT_H 1
#define HAVE_UNISTD_H 1
#define HAVE_DLFCN_H 1
#define STDC_HEADERS 1

configure: exit 1
